DEBUG:root:  12:10:15 [Master] Starting Master Node
DEBUG:root:  12:10:15 [Master] Establishing ZMQ Session with Server
DEBUG:root:  12:10:15 [Master] Establishing Workers
DEBUG:root:  12:10:15 [Master] Establishing ZMQ Session with Worker 0
DEBUG:root:  12:10:15 [Master] Establishing ZMQ Session with Worker 1
DEBUG:root:  12:10:15 [Master] Establishing ZMQ Session with Worker 2
DEBUG:root:  12:10:15 [Master] Establishing ZMQ Session with Worker 3
DEBUG:root:  12:10:15 [Master] Establishing ZMQ Session with Worker 4
DEBUG:root:  12:10:15 [Master] Establishing ZMQ Session with Worker 5
DEBUG:root:  12:10:15 [Master] Establishing ZMQ Session with Worker 6
DEBUG:root:  12:10:15 [Master] Establishing ZMQ Session with Worker 7
DEBUG:root:  12:10:15 [Master] Establishing ZMQ Session with Worker 8
DEBUG:root:  12:10:15 [Master] Establishing ZMQ Session with Worker 9
DEBUG:root:  12:10:15 [Master] Establishing ZMQ Session with Worker 10
DEBUG:root:  12:10:15 [Master] Establishing ZMQ Session with Worker 11
DEBUG:root:  12:10:15 [Master] Establishing ZMQ Session with Worker 12
DEBUG:root:  12:10:15 [Master] Establishing ZMQ Session with Worker 13
DEBUG:root:  12:10:15 [Master] Establishing ZMQ Session with Worker 14
DEBUG:root:  12:10:15 [Master] Establishing ZMQ Session with Worker 15
DEBUG:root:  12:10:15 [Master] Establishing ZMQ Session with Worker 16
DEBUG:root:  12:10:15 [Master] Establishing ZMQ Session with Worker 17
DEBUG:root:  12:10:15 [Master] Establishing ZMQ Session with Worker 18
DEBUG:root:  12:10:15 [Master] Establishing ZMQ Session with Worker 19
DEBUG:root:  12:10:15 [Master] Waiting for work....
DEBUG:root:  12:10:39 [Master] Starting Master Node
DEBUG:root:  12:10:39 [Master] Establishing ZMQ Session with Server
DEBUG:root:  12:10:39 [Master] Establishing Workers
DEBUG:root:  12:10:39 [Master] Establishing ZMQ Session with Worker 0
DEBUG:root:  12:10:39 [Master] Establishing ZMQ Session with Worker 1
DEBUG:root:  12:10:39 [Master] Establishing ZMQ Session with Worker 2
DEBUG:root:  12:10:39 [Master] Establishing ZMQ Session with Worker 3
DEBUG:root:  12:10:39 [Master] Establishing ZMQ Session with Worker 4
DEBUG:root:  12:10:39 [Master] Establishing ZMQ Session with Worker 5
DEBUG:root:  12:10:39 [Master] Establishing ZMQ Session with Worker 6
DEBUG:root:  12:10:39 [Master] Establishing ZMQ Session with Worker 7
DEBUG:root:  12:10:39 [Master] Establishing ZMQ Session with Worker 8
DEBUG:root:  12:10:39 [Master] Establishing ZMQ Session with Worker 9
DEBUG:root:  12:10:39 [Master] Establishing ZMQ Session with Worker 10
DEBUG:root:  12:10:39 [Master] Establishing ZMQ Session with Worker 11
DEBUG:root:  12:10:39 [Master] Establishing ZMQ Session with Worker 12
DEBUG:root:  12:10:39 [Master] Establishing ZMQ Session with Worker 13
DEBUG:root:  12:10:39 [Master] Establishing ZMQ Session with Worker 14
DEBUG:root:  12:10:39 [Master] Establishing ZMQ Session with Worker 15
DEBUG:root:  12:10:39 [Master] Establishing ZMQ Session with Worker 16
DEBUG:root:  12:10:39 [Master] Establishing ZMQ Session with Worker 17
DEBUG:root:  12:10:39 [Master] Establishing ZMQ Session with Worker 18
DEBUG:root:  12:10:39 [Master] Establishing ZMQ Session with Worker 19
DEBUG:root:  12:10:39 [Master] Waiting for work....
DEBUG:root:  12:11:00 [Master] Received Message: {'method': 'word count', 'book': 'c:\\Users\\saxyb\\Desktop\\IU\\4-Senior Year (2022-2023)\\Semester 2\\CSCI-P 434\\homework\\assignment2\\books\\russian-short-stories.txt', 'specifier': None}
DEBUG:root:  12:11:00 [Master] file found and opened
DEBUG:root:  12:11:00 [Master] Sending worker 0 new map task
DEBUG:root:  12:11:00 [Master] Sending worker 1 new map task
DEBUG:root:  12:11:00 [Master] Sending worker 2 new map task
DEBUG:root:  12:11:00 [Master] Sending worker 3 new map task
DEBUG:root:  12:11:00 [Master] Sending worker 4 new map task
DEBUG:root:  12:11:00 [Master] Sending worker 5 new map task
DEBUG:root:  12:11:00 [Master] Sending worker 6 new map task
DEBUG:root:  12:11:00 [Master] Sending worker 7 new map task
DEBUG:root:  12:11:00 [Master] Sending worker 8 new map task
DEBUG:root:  12:11:00 [Master] Sending worker 9 new map task
DEBUG:root:  12:11:00 [Master] Sending worker 10 new map task
DEBUG:root:  12:11:00 [Master] Sending worker 11 new map task
DEBUG:root:  12:11:00 [Master] Sending worker 12 new map task
DEBUG:root:  12:11:00 [Master] Sending worker 13 new map task
DEBUG:root:  12:11:00 [Master] Sending worker 14 new map task
DEBUG:root:  12:11:00 [Master] Sending worker 15 new map task
DEBUG:root:  12:11:00 [Master] Sending worker 16 new map task
DEBUG:root:  12:11:00 [Master] Sending worker 17 new map task
DEBUG:root:  12:11:00 [Master] Sending worker 18 new map task
DEBUG:root:  12:11:00 [Master] Sending worker 19 new map task
DEBUG:root:  12:11:00 [Master] Receiving message from worker 0
DEBUG:root:dict_keys(['14', '4', '1', '18', '13', '17', '12', '15', '2', '7', '16', '10', '19', '0', '9', '11', '6', '3', '8', '5'])
DEBUG:root:  12:11:00 [Master] Receiving message from worker 1
DEBUG:root:dict_keys(['17', '19', '5', '11', '2', '6', '1', '16', '9', '0', '14', '7', '10', '12', '15', '4', '18', '13', '3', '8'])
DEBUG:root:  12:11:00 [Master] Receiving message from worker 2
DEBUG:root:dict_keys(['19', '7', '0', '12', '5', '2', '16', '1', '17', '4', '15', '9', '6', '11', '13', '10', '14', '3', '18', '8'])
DEBUG:root:  12:11:00 [Master] Receiving message from worker 3
DEBUG:root:dict_keys(['13', '1', '9', '5', '4', '18', '15', '19', '16', '2', '6', '7', '17', '8', '12', '11', '3', '14', '0', '10'])
DEBUG:root:  12:11:00 [Master] Receiving message from worker 4
DEBUG:root:dict_keys(['16', '4', '1', '5', '13', '9', '11', '6', '7', '0', '18', '8', '19', '10', '15', '2', '14', '17', '12', '3'])
DEBUG:root:  12:11:00 [Master] Receiving message from worker 5
DEBUG:root:dict_keys(['9', '8', '15', '4', '17', '3', '19', '1', '12', '6', '11', '18', '7', '14', '0', '10', '13', '5', '16', '2'])
DEBUG:root:  12:11:00 [Master] Receiving message from worker 6
DEBUG:root:dict_keys(['15', '7', '6', '13', '3', '8', '17', '18', '0', '11', '16', '19', '4', '10', '9', '5', '14', '1', '2', '12'])
DEBUG:root:  12:11:00 [Master] Receiving message from worker 7
DEBUG:root:dict_keys(['1', '17', '2', '6', '7', '18', '5', '13', '16', '14', '4', '10', '15', '12', '9', '8', '19', '3', '0', '11'])
DEBUG:root:  12:11:00 [Master] Receiving message from worker 8
DEBUG:root:dict_keys(['18', '1', '10', '13', '12', '9', '4', '14', '5', '7', '3', '17', '6', '2', '0', '11', '16', '8', '15', '19'])
DEBUG:root:  12:11:00 [Master] Receiving message from worker 9
DEBUG:root:dict_keys(['7', '8', '4', '0', '13', '14', '12', '6', '16', '9', '10', '11', '1', '3', '5', '2', '17', '15', '18', '19'])
DEBUG:root:  12:11:00 [Master] Receiving message from worker 10
DEBUG:root:dict_keys(['0', '7', '14', '1', '13', '4', '18', '2', '11', '17', '19', '16', '3', '15', '8', '5', '6', '10', '12', '9'])
DEBUG:root:  12:11:00 [Master] Receiving message from worker 11
DEBUG:root:dict_keys(['17', '14', '9', '7', '8', '11', '4', '10', '15', '0', '6', '19', '1', '18', '16', '13', '3', '2', '5', '12'])
DEBUG:root:  12:11:00 [Master] Receiving message from worker 12
DEBUG:root:dict_keys(['3', '0', '13', '11', '19', '12', '15', '6', '4', '1', '9', '7', '5', '17', '14', '10', '16', '2', '8', '18'])
DEBUG:root:  12:11:00 [Master] Receiving message from worker 13
DEBUG:root:dict_keys(['7', '15', '0', '5', '11', '9', '14', '10', '19', '12', '6', '13', '1', '2', '17', '16', '3', '4', '18', '8'])
DEBUG:root:  12:11:00 [Master] Receiving message from worker 14
DEBUG:root:dict_keys(['1', '4', '17', '18', '6', '7', '3', '2', '15', '5', '13', '10', '14', '9', '19', '12', '11', '0', '8', '16'])
DEBUG:root:  12:11:00 [Master] Receiving message from worker 15
DEBUG:root:dict_keys(['10', '8', '11', '1', '12', '5', '7', '14', '19', '0', '16', '2', '13', '15', '17', '9', '4', '3', '18', '6'])
DEBUG:root:  12:11:00 [Master] Receiving message from worker 16
DEBUG:root:dict_keys(['2', '7', '13', '0', '16', '10', '15', '17', '18', '1', '9', '5', '14', '3', '8', '4', '11', '6', '19', '12'])
DEBUG:root:  12:11:00 [Master] Receiving message from worker 17
DEBUG:root:dict_keys(['1', '3', '17', '13', '19', '11', '5', '8', '18', '6', '2', '14', '15', '12', '7', '10', '16', '4', '9', '0'])
DEBUG:root:  12:11:00 [Master] Receiving message from worker 18
DEBUG:root:dict_keys(['12', '1', '18', '10', '5', '6', '17', '16', '13', '15', '11', '2', '4', '7', '9', '19', '8', '14', '0', '3'])
DEBUG:root:  12:11:00 [Master] Receiving message from worker 19
DEBUG:root:dict_keys(['15', '1', '7', '14', '9', '11', '12', '5', '6', '2', '16', '18', '4', '10', '8', '17', '13', '0', '19', '3'])
DEBUG:root:  12:11:00 [Master] Sending worker 0 new reduce task
DEBUG:root:  12:11:00 [Master] Sending worker 1 new reduce task
DEBUG:root:  12:11:00 [Master] Sending worker 2 new reduce task
DEBUG:root:  12:11:00 [Master] Sending worker 3 new reduce task
DEBUG:root:  12:11:00 [Master] Sending worker 4 new reduce task
DEBUG:root:  12:11:00 [Master] Sending worker 5 new reduce task
DEBUG:root:  12:11:00 [Master] Sending worker 6 new reduce task
DEBUG:root:  12:11:00 [Master] Sending worker 7 new reduce task
DEBUG:root:  12:11:00 [Master] Sending worker 8 new reduce task
DEBUG:root:  12:11:00 [Master] Sending worker 9 new reduce task
DEBUG:root:  12:11:00 [Master] Sending worker 10 new reduce task
DEBUG:root:  12:11:00 [Master] Sending worker 11 new reduce task
DEBUG:root:  12:11:00 [Master] Sending worker 12 new reduce task
DEBUG:root:  12:11:00 [Master] Sending worker 13 new reduce task
DEBUG:root:  12:11:00 [Master] Sending worker 14 new reduce task
DEBUG:root:  12:11:00 [Master] Sending worker 15 new reduce task
DEBUG:root:  12:11:00 [Master] Sending worker 16 new reduce task
DEBUG:root:  12:11:00 [Master] Sending worker 17 new reduce task
DEBUG:root:  12:11:00 [Master] Sending worker 18 new reduce task
DEBUG:root:  12:11:00 [Master] Sending worker 19 new reduce task
DEBUG:root:  12:11:00 [Master] Receiving message from worker 0
DEBUG:root:  12:11:00 [Master] Receiving message from worker 1
DEBUG:root:  12:11:00 [Master] Receiving message from worker 2
DEBUG:root:  12:11:00 [Master] Receiving message from worker 3
DEBUG:root:  12:11:00 [Master] Receiving message from worker 4
DEBUG:root:  12:11:00 [Master] Receiving message from worker 5
DEBUG:root:  12:11:00 [Master] Receiving message from worker 6
DEBUG:root:  12:11:00 [Master] Receiving message from worker 7
DEBUG:root:  12:11:00 [Master] Receiving message from worker 8
DEBUG:root:  12:11:00 [Master] Receiving message from worker 9
DEBUG:root:  12:11:00 [Master] Receiving message from worker 10
DEBUG:root:  12:11:00 [Master] Receiving message from worker 11
DEBUG:root:  12:11:00 [Master] Receiving message from worker 12
DEBUG:root:  12:11:00 [Master] Receiving message from worker 13
DEBUG:root:  12:11:00 [Master] Receiving message from worker 14
DEBUG:root:  12:11:00 [Master] Receiving message from worker 15
DEBUG:root:  12:11:00 [Master] Receiving message from worker 16
DEBUG:root:  12:11:00 [Master] Receiving message from worker 17
DEBUG:root:  12:11:00 [Master] Receiving message from worker 18
DEBUG:root:  12:11:00 [Master] Receiving message from worker 19
DEBUG:root:  12:11:00 [Master] Responding to Server
DEBUG:root:  12:11:00 [Master] Waiting for work....
DEBUG:root:  12:11:14 [Master] Received Message: {'method': 'word count', 'book': 'c:\\Users\\saxyb\\Desktop\\IU\\4-Senior Year (2022-2023)\\Semester 2\\CSCI-P 434\\homework\\assignment2\\books\\russian-short-stories.txt', 'specifier': 'world'}
DEBUG:root:  12:11:14 [Master] file found and opened
DEBUG:root:  12:11:14 [Master] Sending worker 0 new map task
DEBUG:root:  12:11:14 [Master] Sending worker 1 new map task
DEBUG:root:  12:11:14 [Master] Sending worker 2 new map task
DEBUG:root:  12:11:14 [Master] Sending worker 3 new map task
DEBUG:root:  12:11:14 [Master] Sending worker 4 new map task
DEBUG:root:  12:11:14 [Master] Sending worker 5 new map task
DEBUG:root:  12:11:14 [Master] Sending worker 6 new map task
DEBUG:root:  12:11:14 [Master] Sending worker 7 new map task
DEBUG:root:  12:11:14 [Master] Sending worker 8 new map task
DEBUG:root:  12:11:14 [Master] Sending worker 9 new map task
DEBUG:root:  12:11:14 [Master] Sending worker 10 new map task
DEBUG:root:  12:11:14 [Master] Sending worker 11 new map task
DEBUG:root:  12:11:14 [Master] Sending worker 12 new map task
DEBUG:root:  12:11:14 [Master] Sending worker 13 new map task
DEBUG:root:  12:11:14 [Master] Sending worker 14 new map task
DEBUG:root:  12:11:14 [Master] Sending worker 15 new map task
DEBUG:root:  12:11:14 [Master] Sending worker 16 new map task
DEBUG:root:  12:11:14 [Master] Sending worker 17 new map task
DEBUG:root:  12:11:14 [Master] Sending worker 18 new map task
DEBUG:root:  12:11:14 [Master] Sending worker 19 new map task
DEBUG:root:  12:11:14 [Master] Receiving message from worker 0
DEBUG:root:dict_keys(['14', '4', '1', '18', '13', '17', '12', '15', '2', '7', '16', '10', '19', '0', '9', '11', '6', '3', '8', '5'])
DEBUG:root:  12:11:14 [Master] Receiving message from worker 1
DEBUG:root:dict_keys(['17', '19', '5', '11', '2', '6', '1', '16', '9', '0', '14', '7', '10', '12', '15', '4', '18', '13', '3', '8'])
DEBUG:root:  12:11:14 [Master] Receiving message from worker 2
DEBUG:root:dict_keys(['19', '7', '0', '12', '5', '2', '16', '1', '17', '4', '15', '9', '6', '11', '13', '10', '14', '3', '18', '8'])
DEBUG:root:  12:11:14 [Master] Receiving message from worker 3
DEBUG:root:dict_keys(['13', '1', '9', '5', '4', '18', '15', '19', '16', '2', '6', '7', '17', '8', '12', '11', '3', '14', '0', '10'])
DEBUG:root:  12:11:14 [Master] Receiving message from worker 4
DEBUG:root:dict_keys(['16', '4', '1', '5', '13', '9', '11', '6', '7', '0', '18', '8', '19', '10', '15', '2', '14', '17', '12', '3'])
DEBUG:root:  12:11:14 [Master] Receiving message from worker 5
DEBUG:root:dict_keys(['9', '8', '15', '4', '17', '3', '19', '1', '12', '6', '11', '18', '7', '14', '0', '10', '13', '5', '16', '2'])
DEBUG:root:  12:11:14 [Master] Receiving message from worker 6
DEBUG:root:dict_keys(['15', '7', '6', '13', '3', '8', '17', '18', '0', '11', '16', '19', '4', '10', '9', '5', '14', '1', '2', '12'])
DEBUG:root:  12:11:14 [Master] Receiving message from worker 7
DEBUG:root:dict_keys(['1', '17', '2', '6', '7', '18', '5', '13', '16', '14', '4', '10', '15', '12', '9', '8', '19', '3', '0', '11'])
DEBUG:root:  12:11:14 [Master] Receiving message from worker 8
DEBUG:root:dict_keys(['18', '1', '10', '13', '12', '9', '4', '14', '5', '7', '3', '17', '6', '2', '0', '11', '16', '8', '15', '19'])
DEBUG:root:  12:11:14 [Master] Receiving message from worker 9
DEBUG:root:dict_keys(['7', '8', '4', '0', '13', '14', '12', '6', '16', '9', '10', '11', '1', '3', '5', '2', '17', '15', '18', '19'])
DEBUG:root:  12:11:14 [Master] Receiving message from worker 10
DEBUG:root:dict_keys(['0', '7', '14', '1', '13', '4', '18', '2', '11', '17', '19', '16', '3', '15', '8', '5', '6', '10', '12', '9'])
DEBUG:root:  12:11:14 [Master] Receiving message from worker 11
DEBUG:root:dict_keys(['17', '14', '9', '7', '8', '11', '4', '10', '15', '0', '6', '19', '1', '18', '16', '13', '3', '2', '5', '12'])
DEBUG:root:  12:11:14 [Master] Receiving message from worker 12
DEBUG:root:dict_keys(['3', '0', '13', '11', '19', '12', '15', '6', '4', '1', '9', '7', '5', '17', '14', '10', '16', '2', '8', '18'])
DEBUG:root:  12:11:14 [Master] Receiving message from worker 13
DEBUG:root:dict_keys(['7', '15', '0', '5', '11', '9', '14', '10', '19', '12', '6', '13', '1', '2', '17', '16', '3', '4', '18', '8'])
DEBUG:root:  12:11:14 [Master] Receiving message from worker 14
DEBUG:root:dict_keys(['1', '4', '17', '18', '6', '7', '3', '2', '15', '5', '13', '10', '14', '9', '19', '12', '11', '0', '8', '16'])
DEBUG:root:  12:11:14 [Master] Receiving message from worker 15
DEBUG:root:dict_keys(['10', '8', '11', '1', '12', '5', '7', '14', '19', '0', '16', '2', '13', '15', '17', '9', '4', '3', '18', '6'])
DEBUG:root:  12:11:14 [Master] Receiving message from worker 16
DEBUG:root:dict_keys(['2', '7', '13', '0', '16', '10', '15', '17', '18', '1', '9', '5', '14', '3', '8', '4', '11', '6', '19', '12'])
DEBUG:root:  12:11:14 [Master] Receiving message from worker 17
DEBUG:root:dict_keys(['1', '3', '17', '13', '19', '11', '5', '8', '18', '6', '2', '14', '15', '12', '7', '10', '16', '4', '9', '0'])
DEBUG:root:  12:11:14 [Master] Receiving message from worker 18
DEBUG:root:dict_keys(['12', '1', '18', '10', '5', '6', '17', '16', '13', '15', '11', '2', '4', '7', '9', '19', '8', '14', '0', '3'])
DEBUG:root:  12:11:14 [Master] Receiving message from worker 19
DEBUG:root:dict_keys(['15', '1', '7', '14', '9', '11', '12', '5', '6', '2', '16', '18', '4', '10', '8', '17', '13', '0', '19', '3'])
DEBUG:root:  12:11:14 [Master] Sending worker 0 new reduce task
DEBUG:root:  12:11:14 [Master] Sending worker 1 new reduce task
DEBUG:root:  12:11:14 [Master] Sending worker 2 new reduce task
DEBUG:root:  12:11:14 [Master] Sending worker 3 new reduce task
DEBUG:root:  12:11:14 [Master] Sending worker 4 new reduce task
DEBUG:root:  12:11:14 [Master] Sending worker 5 new reduce task
DEBUG:root:  12:11:14 [Master] Sending worker 6 new reduce task
DEBUG:root:  12:11:14 [Master] Sending worker 7 new reduce task
DEBUG:root:  12:11:14 [Master] Sending worker 8 new reduce task
DEBUG:root:  12:11:14 [Master] Sending worker 9 new reduce task
DEBUG:root:  12:11:14 [Master] Sending worker 10 new reduce task
DEBUG:root:  12:11:14 [Master] Sending worker 11 new reduce task
DEBUG:root:  12:11:15 [Master] Sending worker 12 new reduce task
DEBUG:root:  12:11:15 [Master] Sending worker 13 new reduce task
DEBUG:root:  12:11:15 [Master] Sending worker 14 new reduce task
DEBUG:root:  12:11:15 [Master] Sending worker 15 new reduce task
DEBUG:root:  12:11:15 [Master] Sending worker 16 new reduce task
DEBUG:root:  12:11:15 [Master] Sending worker 17 new reduce task
DEBUG:root:  12:11:15 [Master] Sending worker 18 new reduce task
DEBUG:root:  12:11:15 [Master] Sending worker 19 new reduce task
DEBUG:root:  12:11:15 [Master] Receiving message from worker 0
DEBUG:root:  12:11:15 [Master] Receiving message from worker 1
DEBUG:root:  12:11:15 [Master] Receiving message from worker 2
DEBUG:root:  12:11:15 [Master] Receiving message from worker 3
DEBUG:root:  12:11:15 [Master] Receiving message from worker 4
DEBUG:root:  12:11:15 [Master] Receiving message from worker 5
DEBUG:root:  12:11:15 [Master] Receiving message from worker 6
DEBUG:root:  12:11:15 [Master] Receiving message from worker 7
DEBUG:root:  12:11:15 [Master] Receiving message from worker 8
DEBUG:root:  12:11:15 [Master] Receiving message from worker 9
DEBUG:root:  12:11:15 [Master] Receiving message from worker 10
DEBUG:root:  12:11:15 [Master] Receiving message from worker 11
DEBUG:root:  12:11:15 [Master] Receiving message from worker 12
DEBUG:root:  12:11:15 [Master] Receiving message from worker 13
DEBUG:root:  12:11:15 [Master] Receiving message from worker 14
DEBUG:root:  12:11:15 [Master] Receiving message from worker 15
DEBUG:root:  12:11:15 [Master] Receiving message from worker 16
DEBUG:root:  12:11:15 [Master] Receiving message from worker 17
DEBUG:root:  12:11:15 [Master] Receiving message from worker 18
DEBUG:root:  12:11:15 [Master] Receiving message from worker 19
DEBUG:root:  12:11:15 [Master] Responding to Server
DEBUG:root:  12:11:15 [Master] Waiting for work....
