DEBUG:root: 12:16:56 [ SERVER ] ---- Connecting to ZMQ server...
DEBUG:root: 12:16:56 [ SERVER ] ---- Server started http://localhost:9623
DEBUG:root: 12:17:21 [ SERVER ] ---- Received GET Request
DEBUG:root: 12:17:21 [ SERVER ] ---- Method = word-count, Book = metamorphosis.txt
DEBUG:root: 12:17:21 [ SERVER ] ---- Sending request word count...
DEBUG:root: 12:20:08 [ SERVER ] ---- Connecting to ZMQ server...
DEBUG:root: 12:20:08 [ SERVER ] ---- Server started http://localhost:9623
DEBUG:root: 12:20:15 [ SERVER ] ---- Received GET Request
DEBUG:root: 12:20:15 [ SERVER ] ---- Method = word-count, Book = metamorphosis.txt
DEBUG:root: 12:20:15 [ SERVER ] ---- Sending request word count...
DEBUG:root: 12:22:01 [ SERVER ] ---- Connecting to ZMQ server...
DEBUG:root: 12:22:01 [ SERVER ] ---- Server started http://localhost:9623
DEBUG:root: 12:22:02 [ SERVER ] ---- Received GET Request
DEBUG:root: 12:22:02 [ SERVER ] ---- Method = word-count, Book = metamorphosis.txt
DEBUG:root: 12:22:02 [ SERVER ] ---- Sending request word count...
DEBUG:root: 12:26:35 [ SERVER ] ---- Connecting to ZMQ server...
DEBUG:root: 12:26:35 [ SERVER ] ---- Server started http://localhost:9623
DEBUG:root: 12:26:58 [ SERVER ] ---- Connecting to ZMQ server...
DEBUG:root: 12:26:58 [ SERVER ] ---- Server started http://localhost:9623
DEBUG:root: 12:27:50 [ SERVER ] ---- Connecting to ZMQ server...
DEBUG:root: 12:27:50 [ SERVER ] ---- Server started http://localhost:9623
